<?xml version="1.0" encoding="UTF-8"?>
<testng-results skipped="0" failed="0" ignored="0" total="1" passed="1">
  <reporter-output>
  </reporter-output>
  <suite name="Default suite" duration-ms="47" started-at="2020-10-08T05:31:05Z" finished-at="2020-10-08T05:31:05Z">
    <groups>
    </groups>
    <test name="Default test" duration-ms="47" started-at="2020-10-08T05:31:05Z" finished-at="2020-10-08T05:31:05Z">
      <class name="Test01">
        <test-method status="PASS" signature="first_test()[pri:0, instance:Test01@1d057a39]" name="first_test" duration-ms="16" started-at="2020-10-08T05:31:05Z" finished-at="2020-10-08T05:31:05Z">
          <reporter-output>
          </reporter-output>
        </test-method> <!-- first_test -->
      </class> <!-- Test01 -->
    </test> <!-- Default test -->
  </suite> <!-- Default suite -->
</testng-results>
